[INFO ] 2017-04-14T11:14:18,223 [main] config.ConfigHelper.loadConfig - Config:
{
    # hardcoded value
    "basedir" : "/Users/charles/IdeaProjects/AmiracamCorda-10_1/corda/build/trader-demo-nodes/NetworkMapService",
    # reference.conf @ file:/Users/charles/IdeaProjects/AmiracamCorda-10_1/corda/node/build/resources/main/reference.conf: 14
    "certificateSigningService" : "https://cordaci-netperm.corda.r3cev.com",
    # reference.conf @ file:/Users/charles/IdeaProjects/AmiracamCorda-10_1/corda/node/build/resources/main/reference.conf: 7
    "dataSourceProperties" : {
        # reference.conf @ file:/Users/charles/IdeaProjects/AmiracamCorda-10_1/corda/node/build/resources/main/reference.conf: 11
        "dataSource.password" : "",
        # merge of reference.conf @ file:/Users/charles/IdeaProjects/AmiracamCorda-10_1/corda/node/build/resources/main/reference.conf: 9,hardcoded value,reference.conf @ file:/Users/charles/IdeaProjects/AmiracamCorda-10_1/corda/node/build/resources/main/reference.conf: 9,reference.conf @ file:/Users/charles/IdeaProjects/AmiracamCorda-10_1/corda/node/build/resources/main/reference.conf: 16
        "dataSource.url" : "jdbc:h2:file:/Users/charles/IdeaProjects/AmiracamCorda-10_1/corda/build/trader-demo-nodes/NetworkMapService/persistence;DB_CLOSE_ON_EXIT=FALSE;LOCK_TIMEOUT=10000;WRITE_DELAY=100;AUTO_SERVER_PORT=0",
        # reference.conf @ file:/Users/charles/IdeaProjects/AmiracamCorda-10_1/corda/node/build/resources/main/reference.conf: 10
        "dataSource.user" : "sa",
        # reference.conf @ file:/Users/charles/IdeaProjects/AmiracamCorda-10_1/corda/node/build/resources/main/reference.conf: 8
        "dataSourceClassName" : "org.h2.jdbcx.JdbcDataSource"
    },
    # reference.conf @ file:/Users/charles/IdeaProjects/AmiracamCorda-10_1/corda/node/build/resources/main/reference.conf: 13
    "devMode" : true,
    # reference.conf @ file:/Users/charles/IdeaProjects/AmiracamCorda-10_1/corda/node/build/resources/main/reference.conf: 3
    "emailAddress" : "admin@company.com",
    # reference.conf @ file:/Users/charles/IdeaProjects/AmiracamCorda-10_1/corda/node/build/resources/main/reference.conf: 4
    "exportJMXto" : "http",
    # reference.conf @ file:/Users/charles/IdeaProjects/AmiracamCorda-10_1/corda/node/build/resources/main/reference.conf: 16
    "h2port" : 0,
    # reference.conf @ file:/Users/charles/IdeaProjects/AmiracamCorda-10_1/corda/node/build/resources/main/reference.conf: 5
    "keyStorePassword" : "cordacadevpass",
    # hardcoded value
    "myLegalName" : "NetworkMapService",
    # reference.conf @ file:/Users/charles/IdeaProjects/AmiracamCorda-10_1/corda/node/build/resources/main/reference.conf: 2
    "nearestCity" : "London",
    # hardcoded value
    "p2pAddress" : "localhost:10000",
    # reference.conf @ file:/Users/charles/IdeaProjects/AmiracamCorda-10_1/corda/node/build/resources/main/reference.conf: 6
    "trustStorePassword" : "trustpass",
    # reference.conf @ file:/Users/charles/IdeaProjects/AmiracamCorda-10_1/corda/node/build/resources/main/reference.conf: 15
    "useHTTPS" : false,
    # hardcoded value
    "useTestClock" : false,
    # reference.conf @ file:/Users/charles/IdeaProjects/AmiracamCorda-10_1/corda/node/build/resources/main/reference.conf: 18
    "verifierType" : "InMemory",
    # hardcoded value
    "webAddress" : "localhost:10001"
}

[INFO ] 2017-04-14T11:14:18,231 [main] driver.DriverDSL.startNetworkMapService - Starting network-map-service
[INFO ] 2017-04-14T11:14:18,308 [main] config.ConfigHelper.loadConfig - Config:
{
    # hardcoded value
    "basedir" : "/Users/charles/IdeaProjects/AmiracamCorda-10_1/corda/build/trader-demo-nodes/Notary",
    # reference.conf @ file:/Users/charles/IdeaProjects/AmiracamCorda-10_1/corda/node/build/resources/main/reference.conf: 14
    "certificateSigningService" : "https://cordaci-netperm.corda.r3cev.com",
    # reference.conf @ file:/Users/charles/IdeaProjects/AmiracamCorda-10_1/corda/node/build/resources/main/reference.conf: 7
    "dataSourceProperties" : {
        # reference.conf @ file:/Users/charles/IdeaProjects/AmiracamCorda-10_1/corda/node/build/resources/main/reference.conf: 11
        "dataSource.password" : "",
        # merge of reference.conf @ file:/Users/charles/IdeaProjects/AmiracamCorda-10_1/corda/node/build/resources/main/reference.conf: 9,hardcoded value,reference.conf @ file:/Users/charles/IdeaProjects/AmiracamCorda-10_1/corda/node/build/resources/main/reference.conf: 9,reference.conf @ file:/Users/charles/IdeaProjects/AmiracamCorda-10_1/corda/node/build/resources/main/reference.conf: 16
        "dataSource.url" : "jdbc:h2:file:/Users/charles/IdeaProjects/AmiracamCorda-10_1/corda/build/trader-demo-nodes/Notary/persistence;DB_CLOSE_ON_EXIT=FALSE;LOCK_TIMEOUT=10000;WRITE_DELAY=100;AUTO_SERVER_PORT=0",
        # reference.conf @ file:/Users/charles/IdeaProjects/AmiracamCorda-10_1/corda/node/build/resources/main/reference.conf: 10
        "dataSource.user" : "sa",
        # reference.conf @ file:/Users/charles/IdeaProjects/AmiracamCorda-10_1/corda/node/build/resources/main/reference.conf: 8
        "dataSourceClassName" : "org.h2.jdbcx.JdbcDataSource"
    },
    # reference.conf @ file:/Users/charles/IdeaProjects/AmiracamCorda-10_1/corda/node/build/resources/main/reference.conf: 13
    "devMode" : true,
    # reference.conf @ file:/Users/charles/IdeaProjects/AmiracamCorda-10_1/corda/node/build/resources/main/reference.conf: 3
    "emailAddress" : "admin@company.com",
    # reference.conf @ file:/Users/charles/IdeaProjects/AmiracamCorda-10_1/corda/node/build/resources/main/reference.conf: 4
    "exportJMXto" : "http",
    # hardcoded value
    "extraAdvertisedServiceIds" : [
        # hardcoded value
        "corda.notary.simple"
    ],
    # reference.conf @ file:/Users/charles/IdeaProjects/AmiracamCorda-10_1/corda/node/build/resources/main/reference.conf: 16
    "h2port" : 0,
    # reference.conf @ file:/Users/charles/IdeaProjects/AmiracamCorda-10_1/corda/node/build/resources/main/reference.conf: 5
    "keyStorePassword" : "cordacadevpass",
    # hardcoded value
    "myLegalName" : "Notary",
    # reference.conf @ file:/Users/charles/IdeaProjects/AmiracamCorda-10_1/corda/node/build/resources/main/reference.conf: 2
    "nearestCity" : "London",
    # hardcoded value
    "networkMapService" : {
        # hardcoded value
        "address" : "localhost:10000",
        # hardcoded value
        "legalName" : "NetworkMapService"
    },
    # hardcoded value
    "p2pAddress" : "localhost:10002",
    # hardcoded value
    "rpcAddress" : "localhost:10003",
    # hardcoded value
    "rpcUsers" : [],
    # reference.conf @ file:/Users/charles/IdeaProjects/AmiracamCorda-10_1/corda/node/build/resources/main/reference.conf: 6
    "trustStorePassword" : "trustpass",
    # reference.conf @ file:/Users/charles/IdeaProjects/AmiracamCorda-10_1/corda/node/build/resources/main/reference.conf: 15
    "useHTTPS" : false,
    # hardcoded value
    "useTestClock" : false,
    # hardcoded value
    "verifierType" : "InMemory",
    # hardcoded value
    "webAddress" : "localhost:10004"
}

[INFO ] 2017-04-14T11:14:18,326 [main] config.ConfigHelper.loadConfig - Config:
{
    # hardcoded value
    "basedir" : "/Users/charles/IdeaProjects/AmiracamCorda-10_1/corda/build/trader-demo-nodes/Bank A",
    # reference.conf @ file:/Users/charles/IdeaProjects/AmiracamCorda-10_1/corda/node/build/resources/main/reference.conf: 14
    "certificateSigningService" : "https://cordaci-netperm.corda.r3cev.com",
    # reference.conf @ file:/Users/charles/IdeaProjects/AmiracamCorda-10_1/corda/node/build/resources/main/reference.conf: 7
    "dataSourceProperties" : {
        # reference.conf @ file:/Users/charles/IdeaProjects/AmiracamCorda-10_1/corda/node/build/resources/main/reference.conf: 11
        "dataSource.password" : "",
        # merge of reference.conf @ file:/Users/charles/IdeaProjects/AmiracamCorda-10_1/corda/node/build/resources/main/reference.conf: 9,hardcoded value,reference.conf @ file:/Users/charles/IdeaProjects/AmiracamCorda-10_1/corda/node/build/resources/main/reference.conf: 9,reference.conf @ file:/Users/charles/IdeaProjects/AmiracamCorda-10_1/corda/node/build/resources/main/reference.conf: 16
        "dataSource.url" : "jdbc:h2:file:/Users/charles/IdeaProjects/AmiracamCorda-10_1/corda/build/trader-demo-nodes/Bank A/persistence;DB_CLOSE_ON_EXIT=FALSE;LOCK_TIMEOUT=10000;WRITE_DELAY=100;AUTO_SERVER_PORT=0",
        # reference.conf @ file:/Users/charles/IdeaProjects/AmiracamCorda-10_1/corda/node/build/resources/main/reference.conf: 10
        "dataSource.user" : "sa",
        # reference.conf @ file:/Users/charles/IdeaProjects/AmiracamCorda-10_1/corda/node/build/resources/main/reference.conf: 8
        "dataSourceClassName" : "org.h2.jdbcx.JdbcDataSource"
    },
    # reference.conf @ file:/Users/charles/IdeaProjects/AmiracamCorda-10_1/corda/node/build/resources/main/reference.conf: 13
    "devMode" : true,
    # reference.conf @ file:/Users/charles/IdeaProjects/AmiracamCorda-10_1/corda/node/build/resources/main/reference.conf: 3
    "emailAddress" : "admin@company.com",
    # reference.conf @ file:/Users/charles/IdeaProjects/AmiracamCorda-10_1/corda/node/build/resources/main/reference.conf: 4
    "exportJMXto" : "http",
    # hardcoded value
    "extraAdvertisedServiceIds" : [],
    # reference.conf @ file:/Users/charles/IdeaProjects/AmiracamCorda-10_1/corda/node/build/resources/main/reference.conf: 16
    "h2port" : 0,
    # reference.conf @ file:/Users/charles/IdeaProjects/AmiracamCorda-10_1/corda/node/build/resources/main/reference.conf: 5
    "keyStorePassword" : "cordacadevpass",
    # hardcoded value
    "myLegalName" : "Bank A",
    # reference.conf @ file:/Users/charles/IdeaProjects/AmiracamCorda-10_1/corda/node/build/resources/main/reference.conf: 2
    "nearestCity" : "London",
    # hardcoded value
    "networkMapService" : {
        # hardcoded value
        "address" : "localhost:10000",
        # hardcoded value
        "legalName" : "NetworkMapService"
    },
    # hardcoded value
    "p2pAddress" : "localhost:10005",
    # hardcoded value
    "rpcAddress" : "localhost:10006",
    # hardcoded value
    "rpcUsers" : [
        # hardcoded value
        {
            # hardcoded value
            "password" : "demo",
            # hardcoded value
            "permissions" : [
                # hardcoded value
                "StartFlow.net.corda.flows.IssuerFlow$IssuanceRequester",
                # hardcoded value
                "StartFlow.net.corda.traderdemo.flow.SellerFlow"
            ],
            # hardcoded value
            "user" : "demo"
        }
    ],
    # reference.conf @ file:/Users/charles/IdeaProjects/AmiracamCorda-10_1/corda/node/build/resources/main/reference.conf: 6
    "trustStorePassword" : "trustpass",
    # reference.conf @ file:/Users/charles/IdeaProjects/AmiracamCorda-10_1/corda/node/build/resources/main/reference.conf: 15
    "useHTTPS" : false,
    # hardcoded value
    "useTestClock" : false,
    # hardcoded value
    "verifierType" : "InMemory",
    # hardcoded value
    "webAddress" : "localhost:10007"
}

[INFO ] 2017-04-14T11:14:18,330 [main] config.ConfigHelper.loadConfig - Config:
{
    # hardcoded value
    "basedir" : "/Users/charles/IdeaProjects/AmiracamCorda-10_1/corda/build/trader-demo-nodes/Bank B",
    # reference.conf @ file:/Users/charles/IdeaProjects/AmiracamCorda-10_1/corda/node/build/resources/main/reference.conf: 14
    "certificateSigningService" : "https://cordaci-netperm.corda.r3cev.com",
    # reference.conf @ file:/Users/charles/IdeaProjects/AmiracamCorda-10_1/corda/node/build/resources/main/reference.conf: 7
    "dataSourceProperties" : {
        # reference.conf @ file:/Users/charles/IdeaProjects/AmiracamCorda-10_1/corda/node/build/resources/main/reference.conf: 11
        "dataSource.password" : "",
        # merge of reference.conf @ file:/Users/charles/IdeaProjects/AmiracamCorda-10_1/corda/node/build/resources/main/reference.conf: 9,hardcoded value,reference.conf @ file:/Users/charles/IdeaProjects/AmiracamCorda-10_1/corda/node/build/resources/main/reference.conf: 9,reference.conf @ file:/Users/charles/IdeaProjects/AmiracamCorda-10_1/corda/node/build/resources/main/reference.conf: 16
        "dataSource.url" : "jdbc:h2:file:/Users/charles/IdeaProjects/AmiracamCorda-10_1/corda/build/trader-demo-nodes/Bank B/persistence;DB_CLOSE_ON_EXIT=FALSE;LOCK_TIMEOUT=10000;WRITE_DELAY=100;AUTO_SERVER_PORT=0",
        # reference.conf @ file:/Users/charles/IdeaProjects/AmiracamCorda-10_1/corda/node/build/resources/main/reference.conf: 10
        "dataSource.user" : "sa",
        # reference.conf @ file:/Users/charles/IdeaProjects/AmiracamCorda-10_1/corda/node/build/resources/main/reference.conf: 8
        "dataSourceClassName" : "org.h2.jdbcx.JdbcDataSource"
    },
    # reference.conf @ file:/Users/charles/IdeaProjects/AmiracamCorda-10_1/corda/node/build/resources/main/reference.conf: 13
    "devMode" : true,
    # reference.conf @ file:/Users/charles/IdeaProjects/AmiracamCorda-10_1/corda/node/build/resources/main/reference.conf: 3
    "emailAddress" : "admin@company.com",
    # reference.conf @ file:/Users/charles/IdeaProjects/AmiracamCorda-10_1/corda/node/build/resources/main/reference.conf: 4
    "exportJMXto" : "http",
    # hardcoded value
    "extraAdvertisedServiceIds" : [],
    # reference.conf @ file:/Users/charles/IdeaProjects/AmiracamCorda-10_1/corda/node/build/resources/main/reference.conf: 16
    "h2port" : 0,
    # reference.conf @ file:/Users/charles/IdeaProjects/AmiracamCorda-10_1/corda/node/build/resources/main/reference.conf: 5
    "keyStorePassword" : "cordacadevpass",
    # hardcoded value
    "myLegalName" : "Bank B",
    # reference.conf @ file:/Users/charles/IdeaProjects/AmiracamCorda-10_1/corda/node/build/resources/main/reference.conf: 2
    "nearestCity" : "London",
    # hardcoded value
    "networkMapService" : {
        # hardcoded value
        "address" : "localhost:10000",
        # hardcoded value
        "legalName" : "NetworkMapService"
    },
    # hardcoded value
    "p2pAddress" : "localhost:10008",
    # hardcoded value
    "rpcAddress" : "localhost:10009",
    # hardcoded value
    "rpcUsers" : [
        # hardcoded value
        {
            # hardcoded value
            "password" : "demo",
            # hardcoded value
            "permissions" : [
                # hardcoded value
                "StartFlow.net.corda.flows.IssuerFlow$IssuanceRequester",
                # hardcoded value
                "StartFlow.net.corda.traderdemo.flow.SellerFlow"
            ],
            # hardcoded value
            "user" : "demo"
        }
    ],
    # reference.conf @ file:/Users/charles/IdeaProjects/AmiracamCorda-10_1/corda/node/build/resources/main/reference.conf: 6
    "trustStorePassword" : "trustpass",
    # reference.conf @ file:/Users/charles/IdeaProjects/AmiracamCorda-10_1/corda/node/build/resources/main/reference.conf: 15
    "useHTTPS" : false,
    # hardcoded value
    "useTestClock" : false,
    # hardcoded value
    "verifierType" : "InMemory",
    # hardcoded value
    "webAddress" : "localhost:10010"
}

[INFO ] 2017-04-14T11:14:18,391 [main] config.ConfigHelper.loadConfig - Config:
{
    # hardcoded value
    "basedir" : "/Users/charles/IdeaProjects/AmiracamCorda-10_1/corda/build/trader-demo-nodes/BankOfCorda",
    # reference.conf @ file:/Users/charles/IdeaProjects/AmiracamCorda-10_1/corda/node/build/resources/main/reference.conf: 14
    "certificateSigningService" : "https://cordaci-netperm.corda.r3cev.com",
    # reference.conf @ file:/Users/charles/IdeaProjects/AmiracamCorda-10_1/corda/node/build/resources/main/reference.conf: 7
    "dataSourceProperties" : {
        # reference.conf @ file:/Users/charles/IdeaProjects/AmiracamCorda-10_1/corda/node/build/resources/main/reference.conf: 11
        "dataSource.password" : "",
        # merge of reference.conf @ file:/Users/charles/IdeaProjects/AmiracamCorda-10_1/corda/node/build/resources/main/reference.conf: 9,hardcoded value,reference.conf @ file:/Users/charles/IdeaProjects/AmiracamCorda-10_1/corda/node/build/resources/main/reference.conf: 9,reference.conf @ file:/Users/charles/IdeaProjects/AmiracamCorda-10_1/corda/node/build/resources/main/reference.conf: 16
        "dataSource.url" : "jdbc:h2:file:/Users/charles/IdeaProjects/AmiracamCorda-10_1/corda/build/trader-demo-nodes/BankOfCorda/persistence;DB_CLOSE_ON_EXIT=FALSE;LOCK_TIMEOUT=10000;WRITE_DELAY=100;AUTO_SERVER_PORT=0",
        # reference.conf @ file:/Users/charles/IdeaProjects/AmiracamCorda-10_1/corda/node/build/resources/main/reference.conf: 10
        "dataSource.user" : "sa",
        # reference.conf @ file:/Users/charles/IdeaProjects/AmiracamCorda-10_1/corda/node/build/resources/main/reference.conf: 8
        "dataSourceClassName" : "org.h2.jdbcx.JdbcDataSource"
    },
    # reference.conf @ file:/Users/charles/IdeaProjects/AmiracamCorda-10_1/corda/node/build/resources/main/reference.conf: 13
    "devMode" : true,
    # reference.conf @ file:/Users/charles/IdeaProjects/AmiracamCorda-10_1/corda/node/build/resources/main/reference.conf: 3
    "emailAddress" : "admin@company.com",
    # reference.conf @ file:/Users/charles/IdeaProjects/AmiracamCorda-10_1/corda/node/build/resources/main/reference.conf: 4
    "exportJMXto" : "http",
    # hardcoded value
    "extraAdvertisedServiceIds" : [],
    # reference.conf @ file:/Users/charles/IdeaProjects/AmiracamCorda-10_1/corda/node/build/resources/main/reference.conf: 16
    "h2port" : 0,
    # reference.conf @ file:/Users/charles/IdeaProjects/AmiracamCorda-10_1/corda/node/build/resources/main/reference.conf: 5
    "keyStorePassword" : "cordacadevpass",
    # hardcoded value
    "myLegalName" : "BankOfCorda",
    # reference.conf @ file:/Users/charles/IdeaProjects/AmiracamCorda-10_1/corda/node/build/resources/main/reference.conf: 2
    "nearestCity" : "London",
    # hardcoded value
    "networkMapService" : {
        # hardcoded value
        "address" : "localhost:10000",
        # hardcoded value
        "legalName" : "NetworkMapService"
    },
    # hardcoded value
    "p2pAddress" : "localhost:10011",
    # hardcoded value
    "rpcAddress" : "localhost:10012",
    # hardcoded value
    "rpcUsers" : [
        # hardcoded value
        {
            # hardcoded value
            "password" : "test",
            # hardcoded value
            "permissions" : [
                # hardcoded value
                "StartFlow.net.corda.flows.IssuerFlow$IssuanceRequester"
            ],
            # hardcoded value
            "user" : "user1"
        }
    ],
    # reference.conf @ file:/Users/charles/IdeaProjects/AmiracamCorda-10_1/corda/node/build/resources/main/reference.conf: 6
    "trustStorePassword" : "trustpass",
    # reference.conf @ file:/Users/charles/IdeaProjects/AmiracamCorda-10_1/corda/node/build/resources/main/reference.conf: 15
    "useHTTPS" : false,
    # hardcoded value
    "useTestClock" : false,
    # hardcoded value
    "verifierType" : "InMemory",
    # hardcoded value
    "webAddress" : "localhost:10013"
}

[INFO ] 2017-04-14T11:14:48,631 [pool-2-thread-1] rpc.CordaRPCClient.logElapsedTime - Startup took 3625 msec
[INFO ] 2017-04-14T11:14:48,632 [pool-2-thread-2] rpc.CordaRPCClient.logElapsedTime - Startup took 3625 msec
[INFO ] 2017-04-14T11:14:50,219 [pool-2-thread-2] rpc.CordaRPCClient.logElapsedTime - Proxy build took 1585 msec
[INFO ] 2017-04-14T11:14:50,287 [pool-2-thread-1] rpc.CordaRPCClient.logElapsedTime - Proxy build took 1653 msec
[INFO ] 2017-04-14T11:14:50,478 [pool-2-thread-1] rpc.CordaRPCClient.logElapsedTime - Startup took 43 msec
[INFO ] 2017-04-14T11:14:50,481 [pool-2-thread-2] rpc.CordaRPCClient.logElapsedTime - Startup took 46 msec
[INFO ] 2017-04-14T11:14:50,535 [pool-2-thread-2] rpc.CordaRPCClient.logElapsedTime - Proxy build took 53 msec
[INFO ] 2017-04-14T11:14:50,538 [pool-2-thread-1] rpc.CordaRPCClient.logElapsedTime - Proxy build took 59 msec
